<?xml version="1.0" encoding="UTF-8"?>
<!-- Generated by org.testng.reporters.JUnitXMLReporter -->
<testsuite hostname="EC2AMAZ-J5GP1U8" ignored="0" name="Test" tests="1" failures="1" timestamp="2023-11-07T10:24:28 UTC" time="7.799" errors="0">
  <testcase name="loginWithValidCredentials" time="2.507" classname="com.guru99.tests.LoginTest">
    <failure type="java.lang.AssertionError" message="actualTitle : Guru99 Bank Manager HomePage is not matching with expectedTitel: Guru99 Bank Manager HomePage  expected [Guru99 Bank Manager HomePage ] but found [Guru99 Bank Manager HomePage]">
      <![CDATA[java.lang.AssertionError: actualTitle : Guru99 Bank Manager HomePage is not matching with expectedTitel: Guru99 Bank Manager HomePage  expected [Guru99 Bank Manager HomePage ] but found [Guru99 Bank Manager HomePage]
at com.guru99.tests.LoginTest.loginWithValidCredentials(LoginTest.java:22)
at java.util.ArrayList.forEach(Unknown Source)
... Removed 31 stack frames]]>
    </failure>
  </testcase> <!-- loginWithValidCredentials -->
</testsuite> <!-- Test -->
